# JRE version: Java(TM) SE Runtime Environment (8.0_301-b09) (build 1.8.0_301-b09)
# Java VM: Java HotSpot(TM) 64-Bit Server VM (25.301-b09 mixed mode windows-amd64 compressed oops)
Heap:
 PSYoungGen      total 51200K, used 18163K [0x00000000d5f00000, 0x00000000da580000, 0x0000000100000000)
  eden space 32256K, 21% used [0x00000000d5f00000,0x00000000d65b5950,0x00000000d7e80000)
  from space 18944K, 59% used [0x00000000d9300000,0x00000000d9e075d0,0x00000000da580000)
  to   space 19968K, 0% used [0x00000000d7e80000,0x00000000d7e80000,0x00000000d9200000)
 ParOldGen       total 87552K, used 35222K [0x0000000081c00000, 0x0000000087180000, 0x00000000d5f00000)
  object space 87552K, 40% used [0x0000000081c00000,0x0000000083e65a98,0x0000000087180000)
 Metaspace       used 19908K, capacity 21012K, committed 21120K, reserved 1067008K
  class space    used 2704K, capacity 2944K, committed 2944K, reserved 1048576K
GC Heap History (10 events):
Event: 6.866 GC heap before
{Heap before GC invocations=2 (full 0):
 PSYoungGen      total 38400K, used 36633K [0x00000000d5f00000, 0x00000000d8980000, 0x0000000100000000)
  eden space 33280K, 100% used [0x00000000d5f00000,0x00000000d7f80000,0x00000000d7f80000)
  from space 5120K, 65% used [0x00000000d7f80000,0x00000000d82c67a0,0x00000000d8480000)
  to   space 5120K, 0% used [0x00000000d8480000,0x00000000d8480000,0x00000000d8980000)
 ParOldGen       total 87552K, used 11734K [0x0000000081c00000, 0x0000000087180000, 0x00000000d5f00000)
  object space 87552K, 13% used [0x0000000081c00000,0x0000000082775b10,0x0000000087180000)
 Metaspace       used 15474K, capacity 16132K, committed 16256K, reserved 1062912K
  class space    used 2241K, capacity 2410K, committed 2432K, reserved 1048576K
Event: 6.903 GC heap after
Heap after GC invocations=2 (full 0):
 PSYoungGen      total 38400K, used 5110K [0x00000000d5f00000, 0x00000000d8980000, 0x0000000100000000)
  eden space 33280K, 0% used [0x00000000d5f00000,0x00000000d5f00000,0x00000000d7f80000)
  from space 5120K, 99% used [0x00000000d8480000,0x00000000d897d9e0,0x00000000d8980000)
  to   space 5120K, 0% used [0x00000000d7f80000,0x00000000d7f80000,0x00000000d8480000)
 ParOldGen       total 87552K, used 24169K [0x0000000081c00000, 0x0000000087180000, 0x00000000d5f00000)
  object space 87552K, 27% used [0x0000000081c00000,0x000000008339a610,0x0000000087180000)
 Metaspace       used 15474K, capacity 16132K, committed 16256K, reserved 1062912K
  class space    used 2241K, capacity 2410K, committed 2432K, reserved 1048576K
}
Event: 13.329 GC heap before
{Heap before GC invocations=3 (full 0):
 PSYoungGen      total 38400K, used 38390K [0x00000000d5f00000, 0x00000000d8980000, 0x0000000100000000)
  eden space 33280K, 100% used [0x00000000d5f00000,0x00000000d7f80000,0x00000000d7f80000)
  from space 5120K, 99% used [0x00000000d8480000,0x00000000d897d9e0,0x00000000d8980000)
  to   space 5120K, 0% used [0x00000000d7f80000,0x00000000d7f80000,0x00000000d8480000)
 ParOldGen       total 87552K, used 24169K [0x0000000081c00000, 0x0000000087180000, 0x00000000d5f00000)
  object space 87552K, 27% used [0x0000000081c00000,0x000000008339a610,0x0000000087180000)
 Metaspace       used 19113K, capacity 20236K, committed 20352K, reserved 1067008K
  class space    used 2691K, capacity 2930K, committed 2944K, reserved 1048576K
Event: 13.350 GC heap after
Heap after GC invocations=3 (full 0):
 PSYoungGen      total 38400K, used 5110K [0x00000000d5f00000, 0x00000000d8980000, 0x0000000100000000)
  eden space 33280K, 0% used [0x00000000d5f00000,0x00000000d5f00000,0x00000000d7f80000)
  from space 5120K, 99% used [0x00000000d7f80000,0x00000000d847d9c0,0x00000000d8480000)
  to   space 5120K, 0% used [0x00000000d8480000,0x00000000d8480000,0x00000000d8980000)
 ParOldGen       total 87552K, used 33790K [0x0000000081c00000, 0x0000000087180000, 0x00000000d5f00000)
  object space 87552K, 38% used [0x0000000081c00000,0x0000000083cffa98,0x0000000087180000)
 Metaspace       used 19113K, capacity 20236K, committed 20352K, reserved 1067008K
  class space    used 2691K, capacity 2930K, committed 2944K, reserved 1048576K
}
Event: 39.827 GC heap before
{Heap before GC invocations=4 (full 0):
 PSYoungGen      total 38400K, used 38390K [0x00000000d5f00000, 0x00000000d8980000, 0x0000000100000000)
  eden space 33280K, 100% used [0x00000000d5f00000,0x00000000d7f80000,0x00000000d7f80000)
  from space 5120K, 99% used [0x00000000d7f80000,0x00000000d847d9c0,0x00000000d8480000)
  to   space 5120K, 0% used [0x00000000d8480000,0x00000000d8480000,0x00000000d8980000)
 ParOldGen       total 87552K, used 33790K [0x0000000081c00000, 0x0000000087180000, 0x00000000d5f00000)
  object space 87552K, 38% used [0x0000000081c00000,0x0000000083cffa98,0x0000000087180000)
 Metaspace       used 19616K, capacity 20708K, committed 20864K, reserved 1067008K
  class space    used 2692K, capacity 2930K, committed 2944K, reserved 1048576K
Event: 39.839 GC heap after
Heap after GC invocations=4 (full 0):
 PSYoungGen      total 38400K, used 5094K [0x00000000d5f00000, 0x00000000d8980000, 0x0000000100000000)
  eden space 33280K, 0% used [0x00000000d5f00000,0x00000000d5f00000,0x00000000d7f80000)
  from space 5120K, 99% used [0x00000000d8480000,0x00000000d89799d0,0x00000000d8980000)
  to   space 5120K, 0% used [0x00000000d7f80000,0x00000000d7f80000,0x00000000d8480000)
 ParOldGen       total 87552K, used 34446K [0x0000000081c00000, 0x0000000087180000, 0x00000000d5f00000)
  object space 87552K, 39% used [0x0000000081c00000,0x0000000083da3a98,0x0000000087180000)
 Metaspace       used 19616K, capacity 20708K, committed 20864K, reserved 1067008K
  class space    used 2692K, capacity 2930K, committed 2944K, reserved 1048576K
}
Event: 63.169 GC heap before
{Heap before GC invocations=5 (full 0):
 PSYoungGen      total 38400K, used 38374K [0x00000000d5f00000, 0x00000000d8980000, 0x0000000100000000)
  eden space 33280K, 100% used [0x00000000d5f00000,0x00000000d7f80000,0x00000000d7f80000)
  from space 5120K, 99% used [0x00000000d8480000,0x00000000d89799d0,0x00000000d8980000)
  to   space 5120K, 0% used [0x00000000d7f80000,0x00000000d7f80000,0x00000000d8480000)
 ParOldGen       total 87552K, used 34446K [0x0000000081c00000, 0x0000000087180000, 0x00000000d5f00000)
  object space 87552K, 39% used [0x0000000081c00000,0x0000000083da3a98,0x0000000087180000)
 Metaspace       used 19818K, capacity 20928K, committed 21120K, reserved 1067008K
  class space    used 2697K, capacity 2940K, committed 2944K, reserved 1048576K
Event: 63.182 GC heap after
Heap after GC invocations=5 (full 0):
 PSYoungGen      total 37888K, used 5110K [0x00000000d5f00000, 0x00000000da700000, 0x0000000100000000)
  eden space 32768K, 0% used [0x00000000d5f00000,0x00000000d5f00000,0x00000000d7f00000)
  from space 5120K, 99% used [0x00000000d7f80000,0x00000000d847d9e0,0x00000000d8480000)
  to   space 20480K, 0% used [0x00000000d9300000,0x00000000d9300000,0x00000000da700000)
 ParOldGen       total 87552K, used 35222K [0x0000000081c00000, 0x0000000087180000, 0x00000000d5f00000)
  object space 87552K, 40% used [0x0000000081c00000,0x0000000083e65a98,0x0000000087180000)
 Metaspace       used 19818K, capacity 20928K, committed 21120K, reserved 1067008K
  class space    used 2697K, capacity 2940K, committed 2944K, reserved 1048576K
}
Event: 73.470 GC heap before
{Heap before GC invocations=6 (full 0):
 PSYoungGen      total 37888K, used 33264K [0x00000000d5f00000, 0x00000000da700000, 0x0000000100000000)
  eden space 32768K, 85% used [0x00000000d5f00000,0x00000000d7a7e798,0x00000000d7f00000)
  from space 5120K, 99% used [0x00000000d7f80000,0x00000000d847d9e0,0x00000000d8480000)
  to   space 20480K, 0% used [0x00000000d9300000,0x00000000d9300000,0x00000000da700000)
 ParOldGen       total 87552K, used 35222K [0x0000000081c00000, 0x0000000087180000, 0x00000000d5f00000)
  object space 87552K, 40% used [0x0000000081c00000,0x0000000083e65a98,0x0000000087180000)
 Metaspace       used 19885K, capacity 21010K, committed 21120K, reserved 1067008K
  class space    used 2702K, capacity 2943K, committed 2944K, reserved 1048576K
Event: 73.483 GC heap after
Heap after GC invocations=6 (full 0):
 PSYoungGen      total 51200K, used 11293K [0x00000000d5f00000, 0x00000000da580000, 0x0000000100000000)
  eden space 32256K, 0% used [0x00000000d5f00000,0x00000000d5f00000,0x00000000d7e80000)
  from space 18944K, 59% used [0x00000000d9300000,0x00000000d9e075d0,0x00000000da580000)
  to   space 19968K, 0% used [0x00000000d7e80000,0x00000000d7e80000,0x00000000d9200000)
 ParOldGen       total 87552K, used 35222K [0x0000000081c00000, 0x0000000087180000, 0x00000000d5f00000)
  object space 87552K, 40% used [0x0000000081c00000,0x0000000083e65a98,0x0000000087180000)
 Metaspace       used 19885K, capacity 21010K, committed 21120K, reserved 1067008K
  class space    used 2702K, capacity 2943K, committed 2944K, reserved 1048576K
}

